<?xml version="1.0" encoding="UTF-8"?>
<testng-results ignored="0" total="6" passed="6" failed="0" skipped="0">
  <reporter-output>
  </reporter-output>
  <suite started-at="2023-06-10T13:14:00 IDT" name="Allure Test Suite" finished-at="2023-06-10T13:14:10 IDT" duration-ms="10348">
    <groups>
    </groups>
    <test started-at="2023-06-10T13:14:00 IDT" name="Allure UI Test" finished-at="2023-06-10T13:14:09 IDT" duration-ms="9046">
      <class name="AllureReport.AllureReportUITest">
        <test-method is-config="true" signature="setUp()[pri:0, instance:AllureReport.AllureReportUITest@6aaceffd]" started-at="2023-06-10T13:14:00 IDT" name="setUp" finished-at="2023-06-10T13:14:01 IDT" duration-ms="1041" status="PASS">
          <reporter-output>
          </reporter-output>
        </test-method> <!-- setUp -->
        <test-method signature="uiTest()[pri:0, instance:AllureReport.AllureReportUITest@6aaceffd]" started-at="2023-06-10T13:14:01 IDT" name="uiTest" finished-at="2023-06-10T13:14:09 IDT" duration-ms="7738" status="PASS">
          <reporter-output>
          </reporter-output>
        </test-method> <!-- uiTest -->
        <test-method is-config="true" signature="tearDown()[pri:0, instance:AllureReport.AllureReportUITest@6aaceffd]" started-at="2023-06-10T13:14:09 IDT" name="tearDown" finished-at="2023-06-10T13:14:09 IDT" duration-ms="197" status="PASS">
          <reporter-output>
          </reporter-output>
        </test-method> <!-- tearDown -->
      </class> <!-- AllureReport.AllureReportUITest -->
    </test> <!-- Allure UI Test -->
    <test started-at="2023-06-10T13:14:09 IDT" name="Allure API Test" finished-at="2023-06-10T13:14:10 IDT" duration-ms="1285">
      <class name="AllureReport.AllureReportAPI">
        <test-method is-config="true" signature="setup()[pri:0, instance:AllureReport.AllureReportAPI@671a5887]" started-at="2023-06-10T13:14:09 IDT" name="setup" finished-at="2023-06-10T13:14:09 IDT" duration-ms="423" status="PASS">
          <reporter-output>
          </reporter-output>
        </test-method> <!-- setup -->
        <test-method signature="badDataRegistrationTest()[pri:0, instance:AllureReport.AllureReportAPI@671a5887]" started-at="2023-06-10T13:14:09 IDT" name="badDataRegistrationTest" finished-at="2023-06-10T13:14:10 IDT" duration-ms="603" status="PASS">
          <reporter-output>
          </reporter-output>
        </test-method> <!-- badDataRegistrationTest -->
        <test-method signature="pageLoadTest()[pri:0, instance:AllureReport.AllureReportAPI@671a5887]" started-at="2023-06-10T13:14:10 IDT" name="pageLoadTest" finished-at="2023-06-10T13:14:10 IDT" duration-ms="20" status="PASS">
          <reporter-output>
          </reporter-output>
        </test-method> <!-- pageLoadTest -->
        <test-method signature="testAddCommentToProductPage()[pri:0, instance:AllureReport.AllureReportAPI@671a5887]" started-at="2023-06-10T13:14:10 IDT" name="testAddCommentToProductPage" finished-at="2023-06-10T13:14:10 IDT" duration-ms="56" status="PASS">
          <reporter-output>
          </reporter-output>
        </test-method> <!-- testAddCommentToProductPage -->
        <test-method signature="testEdit()[pri:0, instance:AllureReport.AllureReportAPI@671a5887]" started-at="2023-06-10T13:14:10 IDT" name="testEdit" finished-at="2023-06-10T13:14:10 IDT" duration-ms="14" status="PASS">
          <reporter-output>
          </reporter-output>
        </test-method> <!-- testEdit -->
        <test-method signature="testLogin()[pri:0, instance:AllureReport.AllureReportAPI@671a5887]" started-at="2023-06-10T13:14:10 IDT" name="testLogin" finished-at="2023-06-10T13:14:10 IDT" duration-ms="159" status="PASS">
          <reporter-output>
          </reporter-output>
        </test-method> <!-- testLogin -->
      </class> <!-- AllureReport.AllureReportAPI -->
    </test> <!-- Allure API Test -->
  </suite> <!-- Allure Test Suite -->
</testng-results>
