<?xml version="1.0" encoding="UTF-8"?>
<!-- Generated by org.testng.reporters.JUnitXMLReporter -->
<testsuite ignored="0" hostname="DESKTOP-U0D1RS7" failures="0" tests="5" name="Allure API Test" time="1.154" errors="0" timestamp="2023-06-10T10:19:48 IDT">
  <testcase classname="AllureReport.AllureReportAPI" name="badDataRegistrationTest" time="0.516"/>
  <testcase classname="AllureReport.AllureReportAPI" name="pageLoadTest" time="0.019"/>
  <testcase classname="AllureReport.AllureReportAPI" name="testAddCommentToProductPage" time="0.042"/>
  <testcase classname="AllureReport.AllureReportAPI" name="testEdit" time="0.021"/>
  <testcase classname="AllureReport.AllureReportAPI" name="testLogin" time="0.138"/>
</testsuite> <!-- Allure API Test -->
